This file contains any messages produced by compilers while
running configure, to aid debugging if configure makes a mistake.

It was created by new configure 1.0, which was
generated by GNU Autoconf 2.71.  Invocation command line was

  $ ./configure --no-create --no-recursion

## --------- ##
## Platform. ##
## --------- ##

hostname = sagemcom.ip
uname -m = x86_64
uname -r = 6.3.8-200.fc38.x86_64
uname -s = Linux
uname -v = #1 SMP PREEMPT_DYNAMIC Thu Jun 15 02:15:40 UTC 2023

/usr/bin/uname -p = unknown
/bin/uname -X     = unknown

/bin/arch              = x86_64
/usr/bin/arch -k       = unknown
/usr/convex/getsysinfo = unknown
/usr/bin/hostinfo      = unknown
/bin/machine           = unknown
/usr/bin/oslevel       = unknown
/bin/universe          = unknown

PATH: /home/Toni/sicom/git/Yocto-Mickledore4.2/Standard/tmp-sicom-glibc/work/x86_64-linux/senchacmd76-native/7.6.0.87-r0/senchacmd76-native-7.6.0.87/Sencha/Cmd/
PATH: /home/Toni/sicom/git/Yocto2/tmp-sicom-glibc/work/x86_64-linux/senchacmd72-native/7.2.0.84-r0/senchacmd72-native-7.2.0.84/Sencha/Cmd/
PATH: /home/Toni/sicom/git/Yocto/tmp-sicom-glibc/work/x86_64-linux/senchacmd76-native/7.6.0.87-r0/senchacmd76-native-7.6.0.87/Sencha/Cmd/
PATH: /home/Toni/bin/Sencha/Cmd/
PATH: /home/Toni/sicom/git/Yocto/tmp-sicom-glibc/work/x86_64-linux/senchacmd72-native/7.2.0.84-r0/senchacmd72-native-7.2.0.84/Sencha/Cmd/
PATH: /home/Toni/sicom/git/Yocto-Mickledore4.2/Standard/tmp-sicom-glibc/work/x86_64-linux/senchacmd76-native/7.6.0.87-r0/senchacmd76-native-7.6.0.87/Sencha/Cmd/
PATH: /home/Toni/sicom/git/Yocto2/tmp-sicom-glibc/work/x86_64-linux/senchacmd72-native/7.2.0.84-r0/senchacmd72-native-7.2.0.84/Sencha/Cmd/
PATH: /home/Toni/sicom/git/Yocto/tmp-sicom-glibc/work/x86_64-linux/senchacmd76-native/7.6.0.87-r0/senchacmd76-native-7.6.0.87/Sencha/Cmd/
PATH: /home/Toni/bin/Sencha/Cmd/
PATH: /home/Toni/sicom/git/Yocto/tmp-sicom-glibc/work/x86_64-linux/senchacmd72-native/7.2.0.84-r0/senchacmd72-native-7.2.0.84/Sencha/Cmd/
PATH: /home/Toni/.local/bin/
PATH: /home/Toni/bin/
PATH: /usr/share/Modules/bin/
PATH: /usr/lib64/ccache/
PATH: /usr/local/bin/
PATH: /usr/local/sbin/
PATH: /usr/bin/
PATH: /usr/sbin/
PATH: /var/lib/snapd/snap/bin/


## ----------- ##
## Core tests. ##
## ----------- ##

configure:2369: looking for aux files: config.guess config.sub ltmain.sh compile missing install-sh
configure:2382:  trying ././
configure:2411:   ././config.guess found
configure:2411:   ././config.sub found
configure:2411:   ././ltmain.sh found
configure:2411:   ././compile found
configure:2411:   ././missing found
configure:2393:   ././install-sh found
configure:2546: checking for a BSD-compatible install
configure:2619: result: /usr/bin/install -c
configure:2630: checking whether build environment is sane
configure:2685: result: yes
configure:2844: checking for a race-free mkdir -p
configure:2888: result: /usr/bin/mkdir -p
configure:2895: checking for gawk
configure:2916: found /usr/bin/gawk
configure:2927: result: gawk
configure:2938: checking whether make sets $(MAKE)
configure:2961: result: yes
configure:2991: checking whether make supports nested variables
configure:3009: result: yes
configure:3209: checking for gcc
configure:3230: found /usr/lib64/ccache/gcc
configure:3241: result: gcc
configure:3594: checking for C compiler version
configure:3603: gcc --version >&5
gcc (GCC) 13.1.1 20230614 (Red Hat 13.1.1-4)
Copyright (C) 2023 Free Software Foundation, Inc.
This is free software; see the source for copying conditions.  There is NO
warranty; not even for MERCHANTABILITY or FITNESS FOR A PARTICULAR PURPOSE.

configure:3614: $? = 0
configure:3603: gcc -v >&5
Using built-in specs.
COLLECT_GCC=/usr/bin/gcc
COLLECT_LTO_WRAPPER=/usr/libexec/gcc/x86_64-redhat-linux/13/lto-wrapper
OFFLOAD_TARGET_NAMES=nvptx-none
OFFLOAD_TARGET_DEFAULT=1
Target: x86_64-redhat-linux
Configured with: ../configure --enable-bootstrap --enable-languages=c,c++,fortran,objc,obj-c++,ada,go,d,m2,lto --prefix=/usr --mandir=/usr/share/man --infodir=/usr/share/info --with-bugurl=http://bugzilla.redhat.com/bugzilla --enable-shared --enable-threads=posix --enable-checking=release --enable-multilib --with-system-zlib --enable-__cxa_atexit --disable-libunwind-exceptions --enable-gnu-unique-object --enable-linker-build-id --with-gcc-major-version-only --enable-libstdcxx-backtrace --with-libstdcxx-zoneinfo=/usr/share/zoneinfo --with-linker-hash-style=gnu --enable-plugin --enable-initfini-array --with-isl=/builddir/build/BUILD/gcc-13.1.1-20230614/obj-x86_64-redhat-linux/isl-install --enable-offload-targets=nvptx-none --without-cuda-driver --enable-offload-defaulted --enable-gnu-indirect-function --enable-cet --with-tune=generic --with-arch_32=i686 --build=x86_64-redhat-linux --with-build-config=bootstrap-lto --enable-link-serialization=1
Thread model: posix
Supported LTO compression algorithms: zlib zstd
gcc version 13.1.1 20230614 (Red Hat 13.1.1-4) (GCC) 
... rest of stderr output deleted ...
configure:3614: $? = 0
configure:3603: gcc -V >&5
gcc: error: unrecognized command-line option '-V'
gcc: fatal error: no input files
compilation terminated.
configure:3614: $? = 1
configure:3603: gcc -qversion >&5
gcc: error: unrecognized command-line option '-qversion'; did you mean '--version'?
gcc: fatal error: no input files
compilation terminated.
configure:3614: $? = 1
configure:3603: gcc -version >&5
gcc: error: unrecognized command-line option '-version'
gcc: fatal error: no input files
compilation terminated.
configure:3614: $? = 1
configure:3634: checking whether the C compiler works
configure:3656: gcc    conftest.c  >&5
configure:3660: $? = 0
configure:3710: result: yes
configure:3713: checking for C compiler default output file name
configure:3715: result: a.out
configure:3721: checking for suffix of executables
configure:3728: gcc -o conftest    conftest.c  >&5
configure:3732: $? = 0
configure:3755: result: 
configure:3777: checking whether we are cross compiling
configure:3785: gcc -o conftest    conftest.c  >&5
configure:3789: $? = 0
configure:3796: ./conftest
configure:3800: $? = 0
configure:3815: result: no
configure:3820: checking for suffix of object files
configure:3843: gcc -c   conftest.c >&5
configure:3847: $? = 0
configure:3869: result: o
configure:3873: checking whether the compiler supports GNU C
configure:3893: gcc -c   conftest.c >&5
configure:3893: $? = 0
configure:3903: result: yes
configure:3914: checking whether gcc accepts -g
configure:3935: gcc -c -g  conftest.c >&5
configure:3935: $? = 0
configure:3979: result: yes
configure:3999: checking for gcc option to enable C11 features
configure:4014: gcc  -c -g -O2  conftest.c >&5
configure:4014: $? = 0
configure:4032: result: none needed
configure:4148: checking whether gcc understands -c and -o together
configure:4171: gcc -c conftest.c -o conftest2.o
configure:4174: $? = 0
configure:4171: gcc -c conftest.c -o conftest2.o
configure:4174: $? = 0
configure:4186: result: yes
configure:4206: checking whether make supports the include directive
configure:4221: make -f confmf.GNU && cat confinc.out
make[1]: Entering directory '/home/Toni/Desktop/GTK Snake/GTK4-Cairo-Snake-game'
make[1]: Leaving directory '/home/Toni/Desktop/GTK Snake/GTK4-Cairo-Snake-game'
this is the am__doit target
configure:4224: $? = 0
configure:4243: result: yes (GNU style)
configure:4269: checking dependency style of gcc
configure:4381: result: gcc3
configure:4397: checking whether make sets $(MAKE)
configure:4420: result: yes
configure:4432: WARNING: Libtool does not cope well with whitespace in `pwd`
configure:4462: checking build system type
configure:4477: result: x86_64-pc-linux-gnu
configure:4497: checking host system type
configure:4511: result: x86_64-pc-linux-gnu
configure:4552: checking how to print strings
configure:4579: result: printf
configure:4600: checking for a sed that does not truncate output
configure:4670: result: /usr/bin/sed
configure:4688: checking for grep that handles long lines and -e
configure:4752: result: /usr/bin/grep
configure:4757: checking for egrep
configure:4825: result: /usr/bin/grep -E
configure:4830: checking for fgrep
configure:4898: result: /usr/bin/grep -F
configure:4934: checking for ld used by gcc
configure:5002: result: /usr/bin/ld
configure:5009: checking if the linker (/usr/bin/ld) is GNU ld
configure:5025: result: yes
configure:5037: checking for BSD- or MS-compatible name lister (nm)
configure:5092: result: /usr/bin/nm -B
configure:5232: checking the name lister (/usr/bin/nm -B) interface
configure:5240: gcc -c -g -O2  conftest.c >&5
configure:5243: /usr/bin/nm -B "conftest.o"
configure:5246: output
0000000000000000 B some_variable
configure:5253: result: BSD nm
configure:5256: checking whether ln -s works
configure:5260: result: yes
configure:5268: checking the maximum length of command line arguments
configure:5400: result: 1572864
configure:5448: checking how to convert x86_64-pc-linux-gnu file names to x86_64-pc-linux-gnu format
configure:5489: result: func_convert_file_noop
configure:5496: checking how to convert x86_64-pc-linux-gnu file names to toolchain format
configure:5517: result: func_convert_file_noop
configure:5524: checking for /usr/bin/ld option to reload object files
configure:5532: result: -r
configure:5611: checking for file
configure:5632: found /usr/bin/file
configure:5643: result: file
configure:5719: checking for objdump
configure:5740: found /usr/bin/objdump
configure:5751: result: objdump
configure:5783: checking how to recognize dependent libraries
configure:5984: result: pass_all
configure:6074: checking for dlltool
configure:6109: result: no
configure:6139: checking how to associate runtime and link libraries
configure:6167: result: printf %s\n
configure:6233: checking for ar
configure:6254: found /usr/bin/ar
configure:6265: result: ar
configure:6318: checking for archiver @FILE support
configure:6336: gcc -c -g -O2  conftest.c >&5
configure:6336: $? = 0
configure:6340: ar cr libconftest.a @conftest.lst >&5
configure:6343: $? = 0
configure:6348: ar cr libconftest.a @conftest.lst >&5
ar: conftest.o: No such file or directory
configure:6351: $? = 1
configure:6363: result: @
configure:6426: checking for strip
configure:6447: found /usr/bin/strip
configure:6458: result: strip
configure:6535: checking for ranlib
configure:6556: found /usr/bin/ranlib
configure:6567: result: ranlib
configure:6669: checking command to parse /usr/bin/nm -B output from gcc object
configure:6823: gcc -c -g -O2  conftest.c >&5
configure:6826: $? = 0
configure:6830: /usr/bin/nm -B conftest.o \| /usr/bin/sed -n -e 's/^.*[ ]\([ABCDGIRSTW][ABCDGIRSTW]*\)[ ][ ]*\([_A-Za-z][_A-Za-z0-9]*\)$/\1 \2 \2/p' | /usr/bin/sed '/ __gnu_lto/d' \> conftest.nm
configure:6833: $? = 0
configure:6899: gcc -o conftest -g -O2   conftest.c conftstm.o >&5
configure:6902: $? = 0
configure:6940: result: ok
configure:6987: checking for sysroot
configure:7018: result: no
configure:7025: checking for a working dd
configure:7069: result: /usr/bin/dd
configure:7073: checking how to truncate binary pipes
configure:7089: result: /usr/bin/dd bs=4096 count=1
configure:7226: gcc -c -g -O2  conftest.c >&5
configure:7229: $? = 0
configure:7426: checking for mt
configure:7461: result: no
configure:7481: checking if : is a manifest tool
configure:7488: : '-?'
configure:7496: result: no
configure:8221: checking for stdio.h
configure:8221: gcc -c -g -O2  conftest.c >&5
configure:8221: $? = 0
configure:8221: result: yes
configure:8221: checking for stdlib.h
configure:8221: gcc -c -g -O2  conftest.c >&5
configure:8221: $? = 0
configure:8221: result: yes
configure:8221: checking for string.h
configure:8221: gcc -c -g -O2  conftest.c >&5
configure:8221: $? = 0
configure:8221: result: yes
configure:8221: checking for inttypes.h
configure:8221: gcc -c -g -O2  conftest.c >&5
configure:8221: $? = 0
configure:8221: result: yes
configure:8221: checking for stdint.h
configure:8221: gcc -c -g -O2  conftest.c >&5
configure:8221: $? = 0
configure:8221: result: yes
configure:8221: checking for strings.h
configure:8221: gcc -c -g -O2  conftest.c >&5
configure:8221: $? = 0
configure:8221: result: yes
configure:8221: checking for sys/stat.h
configure:8221: gcc -c -g -O2  conftest.c >&5
configure:8221: $? = 0
configure:8221: result: yes
configure:8221: checking for sys/types.h
configure:8221: gcc -c -g -O2  conftest.c >&5
configure:8221: $? = 0
configure:8221: result: yes
configure:8221: checking for unistd.h
configure:8221: gcc -c -g -O2  conftest.c >&5
configure:8221: $? = 0
configure:8221: result: yes
configure:8246: checking for dlfcn.h
configure:8246: gcc -c -g -O2  conftest.c >&5
configure:8246: $? = 0
configure:8246: result: yes
configure:8503: checking for objdir
configure:8519: result: .libs
configure:8783: checking if gcc supports -fno-rtti -fno-exceptions
configure:8802: gcc -c -g -O2  -fno-rtti -fno-exceptions conftest.c >&5
cc1: warning: command-line option '-fno-rtti' is valid for C++/D/ObjC++ but not for C
configure:8806: $? = 0
configure:8819: result: no
configure:9177: checking for gcc option to produce PIC
configure:9185: result: -fPIC -DPIC
configure:9193: checking if gcc PIC flag -fPIC -DPIC works
configure:9212: gcc -c -g -O2  -fPIC -DPIC -DPIC conftest.c >&5
configure:9216: $? = 0
configure:9229: result: yes
configure:9258: checking if gcc static flag -static works
configure:9287: result: no
configure:9302: checking if gcc supports -c -o file.o
configure:9324: gcc -c -g -O2  -o out/conftest2.o conftest.c >&5
configure:9328: $? = 0
configure:9350: result: yes
configure:9358: checking if gcc supports -c -o file.o
configure:9406: result: yes
configure:9439: checking whether the gcc linker (/usr/bin/ld -m elf_x86_64) supports shared libraries
configure:10707: result: yes
configure:10744: checking whether -lc should be explicitly linked in
configure:10753: gcc -c -g -O2  conftest.c >&5
configure:10756: $? = 0
configure:10771: gcc -shared  -fPIC -DPIC conftest.o  -v -Wl,-soname -Wl,conftest -o conftest 2\>\&1 \| /usr/bin/grep  -lc  \>/dev/null 2\>\&1
configure:10774: $? = 0
configure:10788: result: no
configure:10948: checking dynamic linker characteristics
configure:11530: gcc -o conftest -g -O2   -Wl,-rpath -Wl,/foo conftest.c  >&5
configure:11530: $? = 0
configure:11772: result: GNU/Linux ld.so
configure:11894: checking how to hardcode library paths into programs
configure:11919: result: immediate
configure:12471: checking whether stripping libraries is possible
configure:12480: result: yes
configure:12522: checking if libtool supports shared libraries
configure:12524: result: yes
configure:12527: checking whether to build shared libraries
configure:12552: result: yes
configure:12555: checking whether to build static libraries
configure:12559: result: no
configure:12656: checking for pkg-config
configure:12679: found /usr/bin/pkg-config
configure:12691: result: /usr/bin/pkg-config
configure:12716: checking pkg-config is at least version 0.9.0
configure:12719: result: yes
configure:12729: checking for GTK
configure:12736: $PKG_CONFIG --exists --print-errors "gtk4"
configure:12739: $? = 0
configure:12753: $PKG_CONFIG --exists --print-errors "gtk4"
configure:12756: $? = 0
configure:12814: result: yes
configure:12927: checking that generated files are newer than configure
configure:12933: result: done
configure:12956: creating ./config.status

## ---------------- ##
## Cache variables. ##
## ---------------- ##

ac_cv_build=x86_64-pc-linux-gnu
ac_cv_c_compiler_gnu=yes
ac_cv_env_CC_set=
ac_cv_env_CC_value=
ac_cv_env_CFLAGS_set=
ac_cv_env_CFLAGS_value=
ac_cv_env_CPPFLAGS_set=
ac_cv_env_CPPFLAGS_value=
ac_cv_env_GTK_CFLAGS_set=
ac_cv_env_GTK_CFLAGS_value=
ac_cv_env_GTK_LIBS_set=
ac_cv_env_GTK_LIBS_value=
ac_cv_env_LDFLAGS_set=
ac_cv_env_LDFLAGS_value=
ac_cv_env_LIBS_set=
ac_cv_env_LIBS_value=
ac_cv_env_LT_SYS_LIBRARY_PATH_set=
ac_cv_env_LT_SYS_LIBRARY_PATH_value=
ac_cv_env_PKG_CONFIG_LIBDIR_set=
ac_cv_env_PKG_CONFIG_LIBDIR_value=
ac_cv_env_PKG_CONFIG_PATH_set=
ac_cv_env_PKG_CONFIG_PATH_value=
ac_cv_env_PKG_CONFIG_set=
ac_cv_env_PKG_CONFIG_value=
ac_cv_env_build_alias_set=
ac_cv_env_build_alias_value=
ac_cv_env_host_alias_set=
ac_cv_env_host_alias_value=
ac_cv_env_target_alias_set=
ac_cv_env_target_alias_value=
ac_cv_header_dlfcn_h=yes
ac_cv_header_inttypes_h=yes
ac_cv_header_stdint_h=yes
ac_cv_header_stdio_h=yes
ac_cv_header_stdlib_h=yes
ac_cv_header_string_h=yes
ac_cv_header_strings_h=yes
ac_cv_header_sys_stat_h=yes
ac_cv_header_sys_types_h=yes
ac_cv_header_unistd_h=yes
ac_cv_host=x86_64-pc-linux-gnu
ac_cv_objext=o
ac_cv_path_EGREP='/usr/bin/grep -E'
ac_cv_path_FGREP='/usr/bin/grep -F'
ac_cv_path_GREP=/usr/bin/grep
ac_cv_path_SED=/usr/bin/sed
ac_cv_path_ac_pt_PKG_CONFIG=/usr/bin/pkg-config
ac_cv_path_install='/usr/bin/install -c'
ac_cv_path_lt_DD=/usr/bin/dd
ac_cv_path_mkdir=/usr/bin/mkdir
ac_cv_prog_AWK=gawk
ac_cv_prog_ac_ct_AR=ar
ac_cv_prog_ac_ct_CC=gcc
ac_cv_prog_ac_ct_FILECMD=file
ac_cv_prog_ac_ct_OBJDUMP=objdump
ac_cv_prog_ac_ct_RANLIB=ranlib
ac_cv_prog_ac_ct_STRIP=strip
ac_cv_prog_cc_c11=
ac_cv_prog_cc_g=yes
ac_cv_prog_cc_stdc=
ac_cv_prog_make_make_set=yes
am_cv_CC_dependencies_compiler_type=gcc3
am_cv_make_support_nested_variables=yes
am_cv_prog_cc_c_o=yes
lt_cv_ar_at_file=@
lt_cv_archive_cmds_need_lc=no
lt_cv_deplibs_check_method=pass_all
lt_cv_file_magic_cmd='$MAGIC_CMD'
lt_cv_file_magic_test_file=
lt_cv_ld_reload_flag=-r
lt_cv_nm_interface='BSD nm'
lt_cv_objdir=.libs
lt_cv_path_LD=/usr/bin/ld
lt_cv_path_NM='/usr/bin/nm -B'
lt_cv_path_mainfest_tool=no
lt_cv_prog_compiler_c_o=yes
lt_cv_prog_compiler_pic='-fPIC -DPIC'
lt_cv_prog_compiler_pic_works=yes
lt_cv_prog_compiler_rtti_exceptions=no
lt_cv_prog_compiler_static_works=no
lt_cv_prog_gnu_ld=yes
lt_cv_sharedlib_from_linklib_cmd='printf %s\n'
lt_cv_shlibpath_overrides_runpath=yes
lt_cv_sys_global_symbol_pipe='/usr/bin/sed -n -e '\''s/^.*[	 ]\([ABCDGIRSTW][ABCDGIRSTW]*\)[	 ][	 ]*\([_A-Za-z][_A-Za-z0-9]*\)$/\1 \2 \2/p'\'' | /usr/bin/sed '\''/ __gnu_lto/d'\'''
lt_cv_sys_global_symbol_to_c_name_address='/usr/bin/sed -n -e '\''s/^: \(.*\) .*$/  {"\1", (void *) 0},/p'\'' -e '\''s/^[ABCDGIRSTW][ABCDGIRSTW]* .* \(.*\)$/  {"\1", (void *) \&\1},/p'\'''
lt_cv_sys_global_symbol_to_c_name_address_lib_prefix='/usr/bin/sed -n -e '\''s/^: \(.*\) .*$/  {"\1", (void *) 0},/p'\'' -e '\''s/^[ABCDGIRSTW][ABCDGIRSTW]* .* \(lib.*\)$/  {"\1", (void *) \&\1},/p'\'' -e '\''s/^[ABCDGIRSTW][ABCDGIRSTW]* .* \(.*\)$/  {"lib\1", (void *) \&\1},/p'\'''
lt_cv_sys_global_symbol_to_cdecl='/usr/bin/sed -n -e '\''s/^T .* \(.*\)$/extern int \1();/p'\'' -e '\''s/^[ABCDGIRSTW][ABCDGIRSTW]* .* \(.*\)$/extern char \1;/p'\'''
lt_cv_sys_global_symbol_to_import=
lt_cv_sys_max_cmd_len=1572864
lt_cv_to_host_file_cmd=func_convert_file_noop
lt_cv_to_tool_file_cmd=func_convert_file_noop
lt_cv_truncate_bin='/usr/bin/dd bs=4096 count=1'
pkg_cv_GTK_CFLAGS='-I/usr/include/gtk-4.0 -I/usr/include/pango-1.0 -I/usr/include/glib-2.0 -I/usr/lib64/glib-2.0/include -I/usr/include/sysprof-4 -I/usr/include/harfbuzz -I/usr/include/freetype2 -I/usr/include/libpng16 -I/usr/include/libmount -I/usr/include/blkid -I/usr/include/fribidi -I/usr/include/libxml2 -I/usr/include/cairo -I/usr/include/pixman-1 -I/usr/include/gdk-pixbuf-2.0 -I/usr/include/graphene-1.0 -I/usr/lib64/graphene-1.0/include -mfpmath=sse -msse -msse2 -I/usr/include/gio-unix-2.0 -pthread '
pkg_cv_GTK_LIBS='-lgtk-4 -lpangocairo-1.0 -lpango-1.0 -lharfbuzz -lgdk_pixbuf-2.0 -lcairo-gobject -lcairo -lgraphene-1.0 -lgio-2.0 -lgobject-2.0 -lglib-2.0 '

## ----------------- ##
## Output variables. ##
## ----------------- ##

ACLOCAL='${SHELL} '\''/home/Toni/Desktop/GTK Snake/GTK4-Cairo-Snake-game/missing'\'' aclocal-1.16'
AMDEPBACKSLASH='\'
AMDEP_FALSE='#'
AMDEP_TRUE=''
AMTAR='$${TAR-tar}'
AM_BACKSLASH='\'
AM_DEFAULT_V='$(AM_DEFAULT_VERBOSITY)'
AM_DEFAULT_VERBOSITY='1'
AM_V='$(V)'
AR='ar'
AUTOCONF='${SHELL} '\''/home/Toni/Desktop/GTK Snake/GTK4-Cairo-Snake-game/missing'\'' autoconf'
AUTOHEADER='${SHELL} '\''/home/Toni/Desktop/GTK Snake/GTK4-Cairo-Snake-game/missing'\'' autoheader'
AUTOMAKE='${SHELL} '\''/home/Toni/Desktop/GTK Snake/GTK4-Cairo-Snake-game/missing'\'' automake-1.16'
AWK='gawk'
CC='gcc'
CCDEPMODE='depmode=gcc3'
CFLAGS='-g -O2 -Wall ${WERRORFLAG} -Wchar-subscripts -D_GNU_SOURCE -D_XOPEN_SOURCE -D_XOPEN_SOURCE_EXTENDED -DGTK_DISABLE_DEPRECATED -g -O2'
CPPFLAGS=''
CSCOPE='cscope'
CTAGS='ctags'
CYGPATH_W='echo'
DEFS='-DHAVE_CONFIG_H'
DEPDIR='.deps'
DLLTOOL='false'
DSYMUTIL=''
DUMPBIN=''
ECHO_C=''
ECHO_N='-n'
ECHO_T=''
EGREP='/usr/bin/grep -E'
ETAGS='etags'
EXEEXT=''
FGREP='/usr/bin/grep -F'
FILECMD='file'
GREP='/usr/bin/grep'
GTK_CFLAGS='-I/usr/include/gtk-4.0 -I/usr/include/pango-1.0 -I/usr/include/glib-2.0 -I/usr/lib64/glib-2.0/include -I/usr/include/sysprof-4 -I/usr/include/harfbuzz -I/usr/include/freetype2 -I/usr/include/libpng16 -I/usr/include/libmount -I/usr/include/blkid -I/usr/include/fribidi -I/usr/include/libxml2 -I/usr/include/cairo -I/usr/include/pixman-1 -I/usr/include/gdk-pixbuf-2.0 -I/usr/include/graphene-1.0 -I/usr/lib64/graphene-1.0/include -mfpmath=sse -msse -msse2 -I/usr/include/gio-unix-2.0 -pthread '
GTK_LIBS='-lgtk-4 -lpangocairo-1.0 -lpango-1.0 -lharfbuzz -lgdk_pixbuf-2.0 -lcairo-gobject -lcairo -lgraphene-1.0 -lgio-2.0 -lgobject-2.0 -lglib-2.0 '
INSTALL_DATA='${INSTALL} -m 644'
INSTALL_PROGRAM='${INSTALL}'
INSTALL_SCRIPT='${INSTALL}'
INSTALL_STRIP_PROGRAM='$(install_sh) -c -s'
LD='/usr/bin/ld -m elf_x86_64'
LDFLAGS=''
LIBOBJS=''
LIBS=''
LIBTOOL='$(SHELL) $(top_builddir)/libtool'
LIPO=''
LN_S='ln -s'
LTLIBOBJS=''
LT_SYS_LIBRARY_PATH=''
MAKEINFO='${SHELL} '\''/home/Toni/Desktop/GTK Snake/GTK4-Cairo-Snake-game/missing'\'' makeinfo'
MANIFEST_TOOL=':'
MKDIR_P='/usr/bin/mkdir -p'
NM='/usr/bin/nm -B'
NMEDIT=''
OBJDUMP='objdump'
OBJEXT='o'
OTOOL64=''
OTOOL=''
PACKAGE='new'
PACKAGE_BUGREPORT=''
PACKAGE_NAME='new'
PACKAGE_STRING='new 1.0'
PACKAGE_TARNAME='new'
PACKAGE_URL=''
PACKAGE_VERSION='1.0'
PATH_SEPARATOR=':'
PKG_CONFIG='/usr/bin/pkg-config'
PKG_CONFIG_LIBDIR=''
PKG_CONFIG_PATH=''
RANLIB='ranlib'
SED='/usr/bin/sed'
SET_MAKE=''
SHELL='/bin/sh'
STRIP='strip'
VERSION='1.0'
ac_ct_AR='ar'
ac_ct_CC='gcc'
ac_ct_DUMPBIN=''
am__EXEEXT_FALSE=''
am__EXEEXT_TRUE='#'
am__fastdepCC_FALSE='#'
am__fastdepCC_TRUE=''
am__include='include'
am__isrc=''
am__leading_dot='.'
am__nodep='_no'
am__quote=''
am__tar='$${TAR-tar} chof - "$$tardir"'
am__untar='$${TAR-tar} xf -'
bindir='${exec_prefix}/bin'
build='x86_64-pc-linux-gnu'
build_alias=''
build_cpu='x86_64'
build_os='linux-gnu'
build_vendor='pc'
datadir='${datarootdir}'
datarootdir='${prefix}/share'
docdir='${datarootdir}/doc/${PACKAGE_TARNAME}'
dvidir='${docdir}'
exec_prefix='${prefix}'
host='x86_64-pc-linux-gnu'
host_alias=''
host_cpu='x86_64'
host_os='linux-gnu'
host_vendor='pc'
htmldir='${docdir}'
includedir='${prefix}/include'
infodir='${datarootdir}/info'
install_sh='${SHELL} '\''/home/Toni/Desktop/GTK Snake/GTK4-Cairo-Snake-game/install-sh'\'''
libdir='${exec_prefix}/lib'
libexecdir='${exec_prefix}/libexec'
localedir='${datarootdir}/locale'
localstatedir='${prefix}/var'
mandir='${datarootdir}/man'
mkdir_p='$(MKDIR_P)'
oldincludedir='/usr/include'
pdfdir='${docdir}'
prefix='/usr/local'
program_transform_name='s,x,x,'
psdir='${docdir}'
runstatedir='${localstatedir}/run'
sbindir='${exec_prefix}/sbin'
sharedstatedir='${prefix}/com'
sysconfdir='${prefix}/etc'
target_alias=''

## ----------- ##
## confdefs.h. ##
## ----------- ##

/* confdefs.h */
#define PACKAGE_NAME "new"
#define PACKAGE_TARNAME "new"
#define PACKAGE_VERSION "1.0"
#define PACKAGE_STRING "new 1.0"
#define PACKAGE_BUGREPORT ""
#define PACKAGE_URL ""
#define VERSION_TITLE "RELEASE"
#define PACKAGE "new"
#define VERSION "1.0"
#define HAVE_STDIO_H 1
#define HAVE_STDLIB_H 1
#define HAVE_STRING_H 1
#define HAVE_INTTYPES_H 1
#define HAVE_STDINT_H 1
#define HAVE_STRINGS_H 1
#define HAVE_SYS_STAT_H 1
#define HAVE_SYS_TYPES_H 1
#define HAVE_UNISTD_H 1
#define STDC_HEADERS 1
#define HAVE_DLFCN_H 1
#define LT_OBJDIR ".libs/"

configure: exit 0

## ---------------------- ##
## Running config.status. ##
## ---------------------- ##

This file was extended by new config.status 1.0, which was
generated by GNU Autoconf 2.71.  Invocation command line was

  CONFIG_FILES    = 
  CONFIG_HEADERS  = 
  CONFIG_LINKS    = 
  CONFIG_COMMANDS = 
  $ ./config.status 

on sagemcom.ip

config.status:1092: creating Makefile
config.status:1092: creating src/Makefile
config.status:1092: creating config.h
config.status:1273: config.h is unchanged
config.status:1321: executing depfiles commands
config.status:1398: cd src       && sed -e '/# am--include-marker/d' Makefile         | make -f - am--depfiles
make[1]: Entering directory '/home/Toni/Desktop/GTK Snake/GTK4-Cairo-Snake-game/src'
make[1]: Nothing to be done for 'am--depfiles'.
make[1]: Leaving directory '/home/Toni/Desktop/GTK Snake/GTK4-Cairo-Snake-game/src'
config.status:1403: $? = 0
config.status:1321: executing libtool commands

## ---------------------- ##
## Running config.status. ##
## ---------------------- ##

This file was extended by new config.status 1.0, which was
generated by GNU Autoconf 2.71.  Invocation command line was

  CONFIG_FILES    = 
  CONFIG_HEADERS  = 
  CONFIG_LINKS    = 
  CONFIG_COMMANDS = 
  $ ./config.status config.h

on sagemcom.ip

config.status:1092: creating config.h
config.status:1273: config.h is unchanged
